{
  "stats": {
    "suites": 3,
    "tests": 3,
    "passes": 3,
    "pending": 0,
    "failures": 0,
    "start": "2020-10-30T03:46:54.866Z",
    "end": "2020-10-30T03:48:00.312Z",
    "duration": 65446,
    "testsRegistered": 3,
    "passPercent": 100,
    "pendingPercent": 0,
    "other": 0,
    "hasOther": false,
    "skipped": 0,
    "hasSkipped": false
  },
  "results": [
    {
      "uuid": "474c44cf-2f4b-432e-8dc8-1fabd75428fe",
      "title": "",
      "fullFile": "cypress\\integration\\B_RegisterTest.spec.js",
      "file": "cypress\\integration\\B_RegisterTest.spec.js",
      "beforeHooks": [],
      "afterHooks": [],
      "tests": [],
      "suites": [
        {
          "uuid": "aee9d015-05b8-4b31-980e-2893655ac8e9",
          "title": "set up",
          "fullFile": "",
          "file": "",
          "beforeHooks": [],
          "afterHooks": [],
          "tests": [
            {
              "title": "Register Except Robot Verification",
              "fullTitle": "set up Register Except Robot Verification",
              "timedOut": null,
              "duration": 38645,
              "state": "passed",
              "speed": "slow",
              "pass": true,
              "fail": false,
              "pending": false,
              "context": null,
              "code": "regObj.clickStudentBtn();\nregObj.fillFirstName(testCase.firstName);\nregObj.fillLastName(testCase.lastName);\nregObj.fillMobileNumber(testCase.mobPhone);\nregObj.clickMaleOption();\nregObj.selectStudyYear(testCase.studYear);\nregObj.setPassword(testCase.regPassword);\nregObj.setConfirmPassword(testCase.regCnfrmPassword);\nregObj.acceptTermsAndConditions();\nregObj.submitRegistrationForm();\nif (state == testStates.RobotVerifError) {\n  state = testStates.PhoneFormatError;\n  regObj.checkRobotVerificationRequired();\n} else if (state == testStates.PhoneFormatError) {\n  state = testStates.NON_MATCHPASSWORDS;\n  regObj.checkRobotVerificationRequired();\n  regObj.checkWrongPhoneFormatError();\n} else if (state == testStates.NON_MATCHPASSWORDS) {\n  regObj.checkRobotVerificationRequired();\n  regObj.checkNonMatchPasswordsError();\n}",
              "err": {},
              "uuid": "912d929a-8474-4092-ab76-ee5c15a89e9a",
              "parentUUID": "aee9d015-05b8-4b31-980e-2893655ac8e9",
              "isHook": false,
              "skipped": false
            }
          ],
          "suites": [],
          "passes": [
            "912d929a-8474-4092-ab76-ee5c15a89e9a"
          ],
          "failures": [],
          "pending": [],
          "skipped": [],
          "duration": 38645,
          "root": false,
          "rootEmpty": false,
          "_timeout": 2000
        },
        {
          "uuid": "4147ddc6-e385-434c-81e7-7f19d6ae74fe",
          "title": "set up",
          "fullFile": "",
          "file": "",
          "beforeHooks": [],
          "afterHooks": [],
          "tests": [
            {
              "title": "Register Wrong Phone Number Format",
              "fullTitle": "set up Register Wrong Phone Number Format",
              "timedOut": null,
              "duration": 14692,
              "state": "passed",
              "speed": "slow",
              "pass": true,
              "fail": false,
              "pending": false,
              "context": null,
              "code": "regObj.clickStudentBtn();\nregObj.fillFirstName(testCase.firstName);\nregObj.fillLastName(testCase.lastName);\nregObj.fillMobileNumber(testCase.mobPhone);\nregObj.clickMaleOption();\nregObj.selectStudyYear(testCase.studYear);\nregObj.setPassword(testCase.regPassword);\nregObj.setConfirmPassword(testCase.regCnfrmPassword);\nregObj.acceptTermsAndConditions();\nregObj.submitRegistrationForm();\nif (state == testStates.RobotVerifError) {\n  state = testStates.PhoneFormatError;\n  regObj.checkRobotVerificationRequired();\n} else if (state == testStates.PhoneFormatError) {\n  state = testStates.NON_MATCHPASSWORDS;\n  regObj.checkRobotVerificationRequired();\n  regObj.checkWrongPhoneFormatError();\n} else if (state == testStates.NON_MATCHPASSWORDS) {\n  regObj.checkRobotVerificationRequired();\n  regObj.checkNonMatchPasswordsError();\n}",
              "err": {},
              "uuid": "b1fd9c22-6023-4d83-84f3-235b3edbcc28",
              "parentUUID": "4147ddc6-e385-434c-81e7-7f19d6ae74fe",
              "isHook": false,
              "skipped": false
            }
          ],
          "suites": [],
          "passes": [
            "b1fd9c22-6023-4d83-84f3-235b3edbcc28"
          ],
          "failures": [],
          "pending": [],
          "skipped": [],
          "duration": 14692,
          "root": false,
          "rootEmpty": false,
          "_timeout": 2000
        },
        {
          "uuid": "7c6b0c49-5754-42c3-b2a2-0da4ce299937",
          "title": "set up",
          "fullFile": "",
          "file": "",
          "beforeHooks": [],
          "afterHooks": [],
          "tests": [
            {
              "title": "Register Non Match Passwords",
              "fullTitle": "set up Register Non Match Passwords",
              "timedOut": null,
              "duration": 11838,
              "state": "passed",
              "speed": "slow",
              "pass": true,
              "fail": false,
              "pending": false,
              "context": null,
              "code": "regObj.clickStudentBtn();\nregObj.fillFirstName(testCase.firstName);\nregObj.fillLastName(testCase.lastName);\nregObj.fillMobileNumber(testCase.mobPhone);\nregObj.clickMaleOption();\nregObj.selectStudyYear(testCase.studYear);\nregObj.setPassword(testCase.regPassword);\nregObj.setConfirmPassword(testCase.regCnfrmPassword);\nregObj.acceptTermsAndConditions();\nregObj.submitRegistrationForm();\nif (state == testStates.RobotVerifError) {\n  state = testStates.PhoneFormatError;\n  regObj.checkRobotVerificationRequired();\n} else if (state == testStates.PhoneFormatError) {\n  state = testStates.NON_MATCHPASSWORDS;\n  regObj.checkRobotVerificationRequired();\n  regObj.checkWrongPhoneFormatError();\n} else if (state == testStates.NON_MATCHPASSWORDS) {\n  regObj.checkRobotVerificationRequired();\n  regObj.checkNonMatchPasswordsError();\n}",
              "err": {},
              "uuid": "f8f36389-334e-45a7-8491-5e6faf7b863a",
              "parentUUID": "7c6b0c49-5754-42c3-b2a2-0da4ce299937",
              "isHook": false,
              "skipped": false
            }
          ],
          "suites": [],
          "passes": [
            "f8f36389-334e-45a7-8491-5e6faf7b863a"
          ],
          "failures": [],
          "pending": [],
          "skipped": [],
          "duration": 11838,
          "root": false,
          "rootEmpty": false,
          "_timeout": 2000
        }
      ],
      "passes": [],
      "failures": [],
      "pending": [],
      "skipped": [],
      "duration": 0,
      "root": true,
      "rootEmpty": true,
      "_timeout": 2000
    }
  ],
  "meta": {
    "mocha": {
      "version": "7.0.1"
    },
    "mochawesome": {
      "options": {
        "quiet": false,
        "reportFilename": "report",
        "saveHtml": true,
        "saveJson": true,
        "consoleReporter": "spec",
        "useInlineDiffs": false,
        "code": true
      },
      "version": "6.1.1"
    },
    "marge": {
      "options": {
        "reportDir": "cypress/reports",
        "reportFilename": "report",
        "overwrite": false,
        "html": true,
        "json": true,
        "charts": true
      },
      "version": "5.1.0"
    }
  }
}